dashui-free-nextjs-admin-template@1.1.0
├─┬ https://github.com/sponsors/twbs
│ │ └── bootstrap@5.3.1
│ └── https://opencollective.com/popperjs
│     └── @popperjs/core@2.11.8
├─┬ https://opencollective.com/eslint
│ │ └── eslint@8.46.0, @eslint/eslintrc@2.1.1, eslint-scope@7.2.2, eslint-visitor-keys@3.4.2, espree@9.6.1
│ ├── https://github.com/sponsors/nzakas
│ │   └── @humanwhocodes/module-importer@1.0.1
│ ├── https://github.com/sponsors/epoberezkin
│ │   └── ajv@6.12.6
│ ├─┬ https://github.com/chalk/chalk?sponsor=1
│ │ │ └── chalk@4.1.2
│ │ └── https://github.com/chalk/ansi-styles?sponsor=1
│ │     └── ansi-styles@4.3.0
│ ├── https://github.com/sponsors/feross
│ │   └── run-parallel@1.2.0, queue-microtask@1.2.3, safe-buffer@5.2.1
│ └── https://github.com/sponsors/isaacs
│     └── rimraf@3.0.2, glob@7.1.7, glob@8.1.0
├── https://opencollective.com/webpack
│   └── sass-loader@13.3.2, webpack@5.95.0, schema-utils@3.3.0, terser-webpack-plugin@5.3.10
├── https://opencollective.com/typescript-eslint
│   └── @typescript-eslint/parser@5.57.0, @typescript-eslint/scope-manager@5.57.0, @typescript-eslint/visitor-keys@5.57.0, @typescript-eslint/types@5.57.0, @typescript-eslint/typescript-estree@5.57.0
├─┬ https://opencollective.com/unts/projects/eslint-import-resolver-ts
│ │ └── eslint-import-resolver-typescript@3.5.4
│ ├── https://github.com/privatenumber/get-tsconfig?sponsor=1
│ │   └── get-tsconfig@4.5.0
│ └── https://opencollective.com/unts
│     └── synckit@0.8.5, @pkgr/utils@2.3.1
├── https://github.com/sponsors/ljharb
│   └── is-core-module@2.11.0, resolve@2.0.0-next.4, array-includes@3.1.6, call-bind@1.0.2, define-properties@1.2.0, has-property-descriptors@1.0.0, es-abstract@1.21.2, array-buffer-byte-length@1.0.0, available-typed-arrays@1.0.5, es-to-primitive@1.2.1, is-date-object@1.0.5, is-symbol@1.0.4, function.prototype.name@1.1.5, functions-have-names@1.2.3, get-symbol-description@1.0.0, globalthis@1.0.3, gopd@1.0.1, has-proto@1.0.1, has-symbols@1.0.3, is-array-buffer@3.0.2, is-callable@1.2.7, is-negative-zero@2.0.2, is-regex@1.1.4, is-shared-array-buffer@1.0.2, is-typed-array@1.1.10, is-weakref@1.0.2, object-inspect@1.12.3, object.assign@4.1.4, regexp.prototype.flags@1.4.3, safe-regex-test@1.0.0, string.prototype.trim@1.2.7, string.prototype.trimend@1.0.6, string.prototype.trimstart@1.0.6, typed-array-length@1.0.4, unbox-primitive@1.0.2, has-bigints@1.0.2, which-boxed-primitive@1.0.2, is-bigint@1.0.4, is-boolean-object@1.1.2, is-number-object@1.0.7, which-typed-array@1.1.9, has-tostringtag@1.0.0, side-channel@1.0.4, get-intrinsic@1.2.0, is-string@1.0.7, array.prototype.flat@1.3.1, array.prototype.flatmap@1.3.1, object.values@1.1.6, minimist@1.2.8, object.fromentries@2.0.6, deep-equal@2.2.0, es-get-iterator@1.1.3, is-map@2.0.2, is-set@2.0.2, is-arguments@1.1.1, object-is@1.1.5, which-collection@1.0.1, is-weakmap@2.0.1, is-weakset@2.0.2, object.hasown@1.1.2, string.prototype.matchall@4.0.8
├─┬ https://opencollective.com/postcss/
│ │ └── postcss@8.4.31
│ └── https://github.com/sponsors/ai
│     └── nanoid@3.3.7
├── https://github.com/sponsors/panva
│   └── @panva/hkdf@1.2.1, jose@4.15.9, openid-client@5.7.0
├── https://opencollective.com/preact
│   └── preact@10.24.3
├── https://github.com/chalk/wrap-ansi?sponsor=1
│   └── wrap-ansi@7.0.0
├── https://github.com/sponsors/wooorm
│   └── lowlight@1.20.0, fault@1.0.4, refractor@3.6.0, comma-separated-tokens@1.0.8, property-information@5.6.0, space-separated-tokens@1.1.5, parse-entities@2.0.0, character-entities@1.2.4, character-entities-legacy@1.1.4, character-reference-invalid@1.1.4, is-alphanumerical@1.0.4, is-alphabetical@1.0.4, is-decimal@1.0.4, is-hexadecimal@1.0.4
└── https://paulmillr.com/funding/
    └── chokidar@3.5.3

